# JRE version: Java(TM) SE Runtime Environment (8.0_25-b17) (build 1.8.0_25-b17)
# Java VM: Java HotSpot(TM) 64-Bit Server VM (25.25-b02 mixed mode linux-amd64 compressed oops)
Heap:
 garbage-first heap   total 262144K, used 156442K [0x00000006c0000000, 0x00000006d0000000, 0x00000007c0000000)
  region size 1024K, 80 young (81920K), 4 survivors (4096K)
 Metaspace       used 56212K, capacity 60688K, committed 60800K, reserved 1101824K
  class space    used 7104K, capacity 8473K, committed 8576K, reserved 1048576K
Heap Regions: (Y=young(eden), SU=young(survivor), HS=humongous(starts), HC=humongous(continues), CS=collection set, F=free, TS=gc time stamp, PTAMS=previous top-at-mark-start, NTAMS=next top-at-mark-start)
 HS         TS     0 PTAMS 0x00000006c0083d70 NTAMS 0x00000006c0083d70 space 1024K,  51% used [0x00000006c0000000, 0x00000006c0083d70, 0x00000006c0100000)
            TS     0 PTAMS 0x00000006c01ffff0 NTAMS 0x00000006c01ffff0 space 1024K,  99% used [0x00000006c0100000, 0x00000006c01ffff0, 0x00000006c0200000)
 HS         TS     0 PTAMS 0x00000006c0283d70 NTAMS 0x00000006c0283d70 space 1024K,  51% used [0x00000006c0200000, 0x00000006c0283d70, 0x00000006c0300000)
            TS     0 PTAMS 0x00000006c03ffff0 NTAMS 0x00000006c03ffff0 space 1024K,  99% used [0x00000006c0300000, 0x00000006c03ffff0, 0x00000006c0400000)
            TS     0 PTAMS 0x00000006c04ffff0 NTAMS 0x00000006c04ffff0 space 1024K,  99% used [0x00000006c0400000, 0x00000006c04ffff0, 0x00000006c0500000)
            TS     0 PTAMS 0x00000006c05fffb0 NTAMS 0x00000006c05fffb0 space 1024K,  99% used [0x00000006c0500000, 0x00000006c05fffb0, 0x00000006c0600000)
            TS     0 PTAMS 0x00000006c06fffc0 NTAMS 0x00000006c06fffc0 space 1024K,  99% used [0x00000006c0600000, 0x00000006c06fffc0, 0x00000006c0700000)
            TS     0 PTAMS 0x00000006c0800000 NTAMS 0x00000006c0800000 space 1024K, 100% used [0x00000006c0700000, 0x00000006c0800000, 0x00000006c0800000)
            TS     0 PTAMS 0x00000006c08ffff0 NTAMS 0x00000006c08ffff0 space 1024K,  99% used [0x00000006c0800000, 0x00000006c08ffff0, 0x00000006c0900000)
            TS     0 PTAMS 0x00000006c09fffe8 NTAMS 0x00000006c09fffe8 space 1024K,  99% used [0x00000006c0900000, 0x00000006c09fffe8, 0x00000006c0a00000)
            TS     0 PTAMS 0x00000006c0afff50 NTAMS 0x00000006c0afff50 space 1024K,  99% used [0x00000006c0a00000, 0x00000006c0afff50, 0x00000006c0b00000)
            TS     0 PTAMS 0x00000006c0c00000 NTAMS 0x00000006c0c00000 space 1024K, 100% used [0x00000006c0b00000, 0x00000006c0c00000, 0x00000006c0c00000)
            TS     0 PTAMS 0x00000006c0cffff8 NTAMS 0x00000006c0cffff8 space 1024K,  99% used [0x00000006c0c00000, 0x00000006c0cffff8, 0x00000006c0d00000)
            TS     0 PTAMS 0x00000006c0dffff8 NTAMS 0x00000006c0dffff8 space 1024K,  99% used [0x00000006c0d00000, 0x00000006c0dffff8, 0x00000006c0e00000)
            TS     0 PTAMS 0x00000006c0effff0 NTAMS 0x00000006c0effff0 space 1024K,  99% used [0x00000006c0e00000, 0x00000006c0effff0, 0x00000006c0f00000)
            TS     0 PTAMS 0x00000006c0ffd420 NTAMS 0x00000006c0ffd420 space 1024K,  98% used [0x00000006c0f00000, 0x00000006c0ffd420, 0x00000006c1000000)
            TS     0 PTAMS 0x00000006c10fffc8 NTAMS 0x00000006c10fffc8 space 1024K,  99% used [0x00000006c1000000, 0x00000006c10fffc8, 0x00000006c1100000)
            TS     0 PTAMS 0x00000006c11ff7a0 NTAMS 0x00000006c11ff7a0 space 1024K,  99% used [0x00000006c1100000, 0x00000006c11ff7a0, 0x00000006c1200000)
            TS     0 PTAMS 0x00000006c12fff48 NTAMS 0x00000006c12fff48 space 1024K,  99% used [0x00000006c1200000, 0x00000006c12fff48, 0x00000006c1300000)
            TS     0 PTAMS 0x00000006c1400000 NTAMS 0x00000006c1400000 space 1024K, 100% used [0x00000006c1300000, 0x00000006c1400000, 0x00000006c1400000)
            TS     0 PTAMS 0x00000006c14fffd0 NTAMS 0x00000006c14fffd0 space 1024K,  99% used [0x00000006c1400000, 0x00000006c14fffd0, 0x00000006c1500000)
            TS     0 PTAMS 0x00000006c1600000 NTAMS 0x00000006c1600000 space 1024K, 100% used [0x00000006c1500000, 0x00000006c1600000, 0x00000006c1600000)
            TS     0 PTAMS 0x00000006c16ffff0 NTAMS 0x00000006c16ffff0 space 1024K,  99% used [0x00000006c1600000, 0x00000006c16ffff0, 0x00000006c1700000)
 HS         TS     0 PTAMS 0x00000006c186c690 NTAMS 0x00000006c186c690 space 2048K,  71% used [0x00000006c1700000, 0x00000006c186c690, 0x00000006c1900000)
 HC         TS     0 PTAMS 0x00000006c1800000 NTAMS 0x00000006c1800000 space 1024K,  42% used [0x00000006c1800000, 0x00000006c186c690, 0x00000006c1900000)
            TS     0 PTAMS 0x00000006c19fffd8 NTAMS 0x00000006c19fffd8 space 1024K,  99% used [0x00000006c1900000, 0x00000006c19fffd8, 0x00000006c1a00000)
            TS     0 PTAMS 0x00000006c1afffb0 NTAMS 0x00000006c1afffb0 space 1024K,  99% used [0x00000006c1a00000, 0x00000006c1afffb0, 0x00000006c1b00000)
            TS     0 PTAMS 0x00000006c1bfffd8 NTAMS 0x00000006c1bfffd8 space 1024K,  99% used [0x00000006c1b00000, 0x00000006c1bfffd8, 0x00000006c1c00000)
            TS     0 PTAMS 0x00000006c1cffff8 NTAMS 0x00000006c1cffff8 space 1024K,  99% used [0x00000006c1c00000, 0x00000006c1cffff8, 0x00000006c1d00000)
            TS     0 PTAMS 0x00000006c1e00000 NTAMS 0x00000006c1e00000 space 1024K, 100% used [0x00000006c1d00000, 0x00000006c1e00000, 0x00000006c1e00000)
            TS     0 PTAMS 0x00000006c1efffd8 NTAMS 0x00000006c1efffd8 space 1024K,  99% used [0x00000006c1e00000, 0x00000006c1efffd8, 0x00000006c1f00000)
            TS     0 PTAMS 0x00000006c2000000 NTAMS 0x00000006c2000000 space 1024K, 100% used [0x00000006c1f00000, 0x00000006c2000000, 0x00000006c2000000)
            TS     0 PTAMS 0x00000006c2100000 NTAMS 0x00000006c2100000 space 1024K, 100% used [0x00000006c2000000, 0x00000006c2100000, 0x00000006c2100000)
            TS     0 PTAMS 0x00000006c21fffa8 NTAMS 0x00000006c21fffa8 space 1024K,  99% used [0x00000006c2100000, 0x00000006c21fffa8, 0x00000006c2200000)
            TS     0 PTAMS 0x00000006c22fffe8 NTAMS 0x00000006c22fffe8 space 1024K,  99% used [0x00000006c2200000, 0x00000006c22fffe8, 0x00000006c2300000)
            TS     0 PTAMS 0x00000006c23ffff8 NTAMS 0x00000006c23ffff8 space 1024K,  99% used [0x00000006c2300000, 0x00000006c23ffff8, 0x00000006c2400000)
            TS     0 PTAMS 0x00000006c24fff98 NTAMS 0x00000006c24fff98 space 1024K,  99% used [0x00000006c2400000, 0x00000006c24fff98, 0x00000006c2500000)
            TS     0 PTAMS 0x00000006c25ffff0 NTAMS 0x00000006c25ffff0 space 1024K,  99% used [0x00000006c2500000, 0x00000006c25ffff0, 0x00000006c2600000)
            TS     0 PTAMS 0x00000006c26fffe0 NTAMS 0x00000006c26fffe0 space 1024K,  99% used [0x00000006c2600000, 0x00000006c26fffe0, 0x00000006c2700000)
            TS     0 PTAMS 0x00000006c27fffd8 NTAMS 0x00000006c27fffd8 space 1024K,  99% used [0x00000006c2700000, 0x00000006c27fffd8, 0x00000006c2800000)
            TS     0 PTAMS 0x00000006c28fffe0 NTAMS 0x00000006c28fffe0 space 1024K,  99% used [0x00000006c2800000, 0x00000006c28fffe0, 0x00000006c2900000)
            TS     0 PTAMS 0x00000006c29fd148 NTAMS 0x00000006c29fd148 space 1024K,  98% used [0x00000006c2900000, 0x00000006c29fd148, 0x00000006c2a00000)
            TS     0 PTAMS 0x00000006c2afe5a8 NTAMS 0x00000006c2afe5a8 space 1024K,  99% used [0x00000006c2a00000, 0x00000006c2afe5a8, 0x00000006c2b00000)
            TS     0 PTAMS 0x00000006c2bffff8 NTAMS 0x00000006c2bffff8 space 1024K,  99% used [0x00000006c2b00000, 0x00000006c2bffff8, 0x00000006c2c00000)
            TS     0 PTAMS 0x00000006c2cfdf78 NTAMS 0x00000006c2cfdf78 space 1024K,  99% used [0x00000006c2c00000, 0x00000006c2cfdf78, 0x00000006c2d00000)
            TS     0 PTAMS 0x00000006c2dffbf0 NTAMS 0x00000006c2dffbf0 space 1024K,  99% used [0x00000006c2d00000, 0x00000006c2dffbf0, 0x00000006c2e00000)
            TS     0 PTAMS 0x00000006c2efff00 NTAMS 0x00000006c2efff00 space 1024K,  99% used [0x00000006c2e00000, 0x00000006c2efff00, 0x00000006c2f00000)
            TS     0 PTAMS 0x00000006c3000000 NTAMS 0x00000006c3000000 space 1024K, 100% used [0x00000006c2f00000, 0x00000006c3000000, 0x00000006c3000000)
            TS     0 PTAMS 0x00000006c3100000 NTAMS 0x00000006c3100000 space 1024K, 100% used [0x00000006c3000000, 0x00000006c3100000, 0x00000006c3100000)
            TS     0 PTAMS 0x00000006c31ffe40 NTAMS 0x00000006c31ffe40 space 1024K,  99% used [0x00000006c3100000, 0x00000006c31ffe40, 0x00000006c3200000)
            TS     0 PTAMS 0x00000006c32fff88 NTAMS 0x00000006c32fff88 space 1024K,  99% used [0x00000006c3200000, 0x00000006c32fff88, 0x00000006c3300000)
            TS     0 PTAMS 0x00000006c33feb98 NTAMS 0x00000006c33feb98 space 1024K,  99% used [0x00000006c3300000, 0x00000006c33feb98, 0x00000006c3400000)
            TS     0 PTAMS 0x00000006c34fffe8 NTAMS 0x00000006c34fffe8 space 1024K,  99% used [0x00000006c3400000, 0x00000006c34fffe8, 0x00000006c3500000)
            TS     0 PTAMS 0x00000006c3587dd0 NTAMS 0x00000006c3587dd0 space 1024K,  53% used [0x00000006c3500000, 0x00000006c3587dd0, 0x00000006c3600000)
 HS         TS     0 PTAMS 0x00000006c3786970 NTAMS 0x00000006c3786970 space 2048K,  76% used [0x00000006c3600000, 0x00000006c3786970, 0x00000006c3800000)
 HC         TS     0 PTAMS 0x00000006c3700000 NTAMS 0x00000006c3700000 space 1024K,  52% used [0x00000006c3700000, 0x00000006c3786970, 0x00000006c3800000)
 HS         TS     0 PTAMS 0x00000006c3800000 NTAMS 0x00000006c3800000 space 2048K,  68% used [0x00000006c3800000, 0x00000006c395d570, 0x00000006c3a00000)
 HC         TS     0 PTAMS 0x00000006c3900000 NTAMS 0x00000006c3900000 space 1024K,  36% used [0x00000006c3900000, 0x00000006c395d570, 0x00000006c3a00000)
 HS         TS     0 PTAMS 0x00000006c3a00000 NTAMS 0x00000006c3a00000 space 2048K,  79% used [0x00000006c3a00000, 0x00000006c3b98770, 0x00000006c3c00000)
 HC         TS     0 PTAMS 0x00000006c3b00000 NTAMS 0x00000006c3b00000 space 1024K,  59% used [0x00000006c3b00000, 0x00000006c3b98770, 0x00000006c3c00000)
 HS         TS     0 PTAMS 0x00000006c3c00000 NTAMS 0x00000006c3c00000 space 2048K,  68% used [0x00000006c3c00000, 0x00000006c3d5d570, 0x00000006c3e00000)
 HC         TS     0 PTAMS 0x00000006c3d00000 NTAMS 0x00000006c3d00000 space 1024K,  36% used [0x00000006c3d00000, 0x00000006c3d5d570, 0x00000006c3e00000)
 HS         TS     0 PTAMS 0x00000006c3e00000 NTAMS 0x00000006c3e00000 space 2048K,  79% used [0x00000006c3e00000, 0x00000006c3f98770, 0x00000006c4000000)
 HC         TS     0 PTAMS 0x00000006c3f00000 NTAMS 0x00000006c3f00000 space 1024K,  59% used [0x00000006c3f00000, 0x00000006c3f98770, 0x00000006c4000000)
 HS         TS     0 PTAMS 0x00000006c4000000 NTAMS 0x00000006c4000000 space 2048K,  76% used [0x00000006c4000000, 0x00000006c4186970, 0x00000006c4200000)
 HC         TS     0 PTAMS 0x00000006c4100000 NTAMS 0x00000006c4100000 space 1024K,  52% used [0x00000006c4100000, 0x00000006c4186970, 0x00000006c4200000)
 HS         TS     0 PTAMS 0x00000006c4200000 NTAMS 0x00000006c4200000 space 2048K,  68% used [0x00000006c4200000, 0x00000006c435d570, 0x00000006c4400000)
 HC         TS     0 PTAMS 0x00000006c4300000 NTAMS 0x00000006c4300000 space 1024K,  36% used [0x00000006c4300000, 0x00000006c435d570, 0x00000006c4400000)
 HS         TS     0 PTAMS 0x00000006c4400000 NTAMS 0x00000006c4400000 space 2048K,  79% used [0x00000006c4400000, 0x00000006c4598770, 0x00000006c4600000)
 HC         TS     0 PTAMS 0x00000006c4500000 NTAMS 0x00000006c4500000 space 1024K,  59% used [0x00000006c4500000, 0x00000006c4598770, 0x00000006c4600000)
 HS         TS     0 PTAMS 0x00000006c4600000 NTAMS 0x00000006c4600000 space 2048K,  76% used [0x00000006c4600000, 0x00000006c4786970, 0x00000006c4800000)
 HC         TS     0 PTAMS 0x00000006c4700000 NTAMS 0x00000006c4700000 space 1024K,  52% used [0x00000006c4700000, 0x00000006c4786970, 0x00000006c4800000)
 HS         TS     0 PTAMS 0x00000006c4800000 NTAMS 0x00000006c4800000 space 2048K,  68% used [0x00000006c4800000, 0x00000006c495d570, 0x00000006c4a00000)
 HC         TS     0 PTAMS 0x00000006c4900000 NTAMS 0x00000006c4900000 space 1024K,  36% used [0x00000006c4900000, 0x00000006c495d570, 0x00000006c4a00000)
 HS         TS     0 PTAMS 0x00000006c4a00000 NTAMS 0x00000006c4a00000 space 2048K,  79% used [0x00000006c4a00000, 0x00000006c4b98770, 0x00000006c4c00000)
 HC         TS     0 PTAMS 0x00000006c4b00000 NTAMS 0x00000006c4b00000 space 1024K,  59% used [0x00000006c4b00000, 0x00000006c4b98770, 0x00000006c4c00000)
 HS         TS     0 PTAMS 0x00000006c4c00000 NTAMS 0x00000006c4c00000 space 2048K,  68% used [0x00000006c4c00000, 0x00000006c4d5d570, 0x00000006c4e00000)
 HC         TS     0 PTAMS 0x00000006c4d00000 NTAMS 0x00000006c4d00000 space 1024K,  36% used [0x00000006c4d00000, 0x00000006c4d5d570, 0x00000006c4e00000)
 HS         TS     0 PTAMS 0x00000006c4e00000 NTAMS 0x00000006c4e00000 space 2048K,  79% used [0x00000006c4e00000, 0x00000006c4f98770, 0x00000006c5000000)
 HC         TS     0 PTAMS 0x00000006c4f00000 NTAMS 0x00000006c4f00000 space 1024K,  59% used [0x00000006c4f00000, 0x00000006c4f98770, 0x00000006c5000000)
 HS         TS     0 PTAMS 0x00000006c5000000 NTAMS 0x00000006c5000000 space 2048K,  68% used [0x00000006c5000000, 0x00000006c515d570, 0x00000006c5200000)
 HC         TS     0 PTAMS 0x00000006c5100000 NTAMS 0x00000006c5100000 space 1024K,  36% used [0x00000006c5100000, 0x00000006c515d570, 0x00000006c5200000)
 HS         TS     0 PTAMS 0x00000006c5200000 NTAMS 0x00000006c5200000 space 2048K,  79% used [0x00000006c5200000, 0x00000006c5398770, 0x00000006c5400000)
 HC         TS     0 PTAMS 0x00000006c5300000 NTAMS 0x00000006c5300000 space 1024K,  59% used [0x00000006c5300000, 0x00000006c5398770, 0x00000006c5400000)
          F TS     0 PTAMS 0x00000006c5400000 NTAMS 0x00000006c5400000 space 1024K,   0% used [0x00000006c5400000, 0x00000006c5400000, 0x00000006c5500000)
          F TS     0 PTAMS 0x00000006c5500000 NTAMS 0x00000006c5500000 space 1024K,   0% used [0x00000006c5500000, 0x00000006c5500000, 0x00000006c5600000)
          F TS     0 PTAMS 0x00000006c5600000 NTAMS 0x00000006c5600000 space 1024K,   0% used [0x00000006c5600000, 0x00000006c5600000, 0x00000006c5700000)
          F TS     0 PTAMS 0x00000006c5700000 NTAMS 0x00000006c5700000 space 1024K,   0% used [0x00000006c5700000, 0x00000006c5700000, 0x00000006c5800000)
          F TS     0 PTAMS 0x00000006c5800000 NTAMS 0x00000006c5800000 space 1024K,   0% used [0x00000006c5800000, 0x00000006c5800000, 0x00000006c5900000)
          F TS     0 PTAMS 0x00000006c5900000 NTAMS 0x00000006c5900000 space 1024K,   0% used [0x00000006c5900000, 0x00000006c5900000, 0x00000006c5a00000)
          F TS     0 PTAMS 0x00000006c5a00000 NTAMS 0x00000006c5a00000 space 1024K,   0% used [0x00000006c5a00000, 0x00000006c5a00000, 0x00000006c5b00000)
          F TS     0 PTAMS 0x00000006c5b00000 NTAMS 0x00000006c5b00000 space 1024K,   0% used [0x00000006c5b00000, 0x00000006c5b00000, 0x00000006c5c00000)
          F TS     0 PTAMS 0x00000006c5c00000 NTAMS 0x00000006c5c00000 space 1024K,   0% used [0x00000006c5c00000, 0x00000006c5c00000, 0x00000006c5d00000)
          F TS     0 PTAMS 0x00000006c5d00000 NTAMS 0x00000006c5d00000 space 1024K,   0% used [0x00000006c5d00000, 0x00000006c5d00000, 0x00000006c5e00000)
          F TS     0 PTAMS 0x00000006c5e00000 NTAMS 0x00000006c5e00000 space 1024K,   0% used [0x00000006c5e00000, 0x00000006c5e00000, 0x00000006c5f00000)
          F TS     0 PTAMS 0x00000006c5f00000 NTAMS 0x00000006c5f00000 space 1024K,   0% used [0x00000006c5f00000, 0x00000006c5f00000, 0x00000006c6000000)
          F TS     0 PTAMS 0x00000006c6000000 NTAMS 0x00000006c6000000 space 1024K,   0% used [0x00000006c6000000, 0x00000006c6000000, 0x00000006c6100000)
          F TS     0 PTAMS 0x00000006c6100000 NTAMS 0x00000006c6100000 space 1024K,   0% used [0x00000006c6100000, 0x00000006c6100000, 0x00000006c6200000)
          F TS     0 PTAMS 0x00000006c6200000 NTAMS 0x00000006c6200000 space 1024K,   0% used [0x00000006c6200000, 0x00000006c6200000, 0x00000006c6300000)
          F TS     0 PTAMS 0x00000006c6300000 NTAMS 0x00000006c6300000 space 1024K,   0% used [0x00000006c6300000, 0x00000006c6300000, 0x00000006c6400000)
          F TS     0 PTAMS 0x00000006c6400000 NTAMS 0x00000006c6400000 space 1024K,   0% used [0x00000006c6400000, 0x00000006c6400000, 0x00000006c6500000)
          F TS     0 PTAMS 0x00000006c6500000 NTAMS 0x00000006c6500000 space 1024K,   0% used [0x00000006c6500000, 0x00000006c6500000, 0x00000006c6600000)
          F TS     0 PTAMS 0x00000006c6600000 NTAMS 0x00000006c6600000 space 1024K,   0% used [0x00000006c6600000, 0x00000006c6600000, 0x00000006c6700000)
          F TS     0 PTAMS 0x00000006c6700000 NTAMS 0x00000006c6700000 space 1024K,   0% used [0x00000006c6700000, 0x00000006c6700000, 0x00000006c6800000)
          F TS     0 PTAMS 0x00000006c6800000 NTAMS 0x00000006c6800000 space 1024K,   0% used [0x00000006c6800000, 0x00000006c6800000, 0x00000006c6900000)
          F TS     0 PTAMS 0x00000006c6900000 NTAMS 0x00000006c6900000 space 1024K,   0% used [0x00000006c6900000, 0x00000006c6900000, 0x00000006c6a00000)
          F TS     0 PTAMS 0x00000006c6a00000 NTAMS 0x00000006c6a00000 space 1024K,   0% used [0x00000006c6a00000, 0x00000006c6a00000, 0x00000006c6b00000)
          F TS     0 PTAMS 0x00000006c6b00000 NTAMS 0x00000006c6b00000 space 1024K,   0% used [0x00000006c6b00000, 0x00000006c6b00000, 0x00000006c6c00000)
          F TS     0 PTAMS 0x00000006c6c00000 NTAMS 0x00000006c6c00000 space 1024K,   0% used [0x00000006c6c00000, 0x00000006c6c00000, 0x00000006c6d00000)
          F TS     0 PTAMS 0x00000006c6d00000 NTAMS 0x00000006c6d00000 space 1024K,   0% used [0x00000006c6d00000, 0x00000006c6d00000, 0x00000006c6e00000)
          F TS     0 PTAMS 0x00000006c6e00000 NTAMS 0x00000006c6e00000 space 1024K,   0% used [0x00000006c6e00000, 0x00000006c6e00000, 0x00000006c6f00000)
          F TS     0 PTAMS 0x00000006c6f00000 NTAMS 0x00000006c6f00000 space 1024K,   0% used [0x00000006c6f00000, 0x00000006c6f00000, 0x00000006c7000000)
          F TS     0 PTAMS 0x00000006c7000000 NTAMS 0x00000006c7000000 space 1024K,   0% used [0x00000006c7000000, 0x00000006c7000000, 0x00000006c7100000)
          F TS     0 PTAMS 0x00000006c7100000 NTAMS 0x00000006c7100000 space 1024K,   0% used [0x00000006c7100000, 0x00000006c7100000, 0x00000006c7200000)
          F TS     0 PTAMS 0x00000006c7200000 NTAMS 0x00000006c7200000 space 1024K,   0% used [0x00000006c7200000, 0x00000006c7200000, 0x00000006c7300000)
          F TS     0 PTAMS 0x00000006c7300000 NTAMS 0x00000006c7300000 space 1024K,   0% used [0x00000006c7300000, 0x00000006c7300000, 0x00000006c7400000)
          F TS     0 PTAMS 0x00000006c7400000 NTAMS 0x00000006c7400000 space 1024K,   0% used [0x00000006c7400000, 0x00000006c7400000, 0x00000006c7500000)
          F TS     0 PTAMS 0x00000006c7500000 NTAMS 0x00000006c7500000 space 1024K,   0% used [0x00000006c7500000, 0x00000006c7500000, 0x00000006c7600000)
          F TS     0 PTAMS 0x00000006c7600000 NTAMS 0x00000006c7600000 space 1024K,   0% used [0x00000006c7600000, 0x00000006c7600000, 0x00000006c7700000)
          F TS     0 PTAMS 0x00000006c7700000 NTAMS 0x00000006c7700000 space 1024K,   0% used [0x00000006c7700000, 0x00000006c7700000, 0x00000006c7800000)
          F TS     0 PTAMS 0x00000006c7800000 NTAMS 0x00000006c7800000 space 1024K,   0% used [0x00000006c7800000, 0x00000006c7800000, 0x00000006c7900000)
          F TS     0 PTAMS 0x00000006c7900000 NTAMS 0x00000006c7900000 space 1024K,   0% used [0x00000006c7900000, 0x00000006c7900000, 0x00000006c7a00000)
          F TS     0 PTAMS 0x00000006c7a00000 NTAMS 0x00000006c7a00000 space 1024K,   0% used [0x00000006c7a00000, 0x00000006c7a00000, 0x00000006c7b00000)
          F TS     0 PTAMS 0x00000006c7b00000 NTAMS 0x00000006c7b00000 space 1024K,   0% used [0x00000006c7b00000, 0x00000006c7b00000, 0x00000006c7c00000)
          F TS     0 PTAMS 0x00000006c7c00000 NTAMS 0x00000006c7c00000 space 1024K,   0% used [0x00000006c7c00000, 0x00000006c7c00000, 0x00000006c7d00000)
          F TS     0 PTAMS 0x00000006c7d00000 NTAMS 0x00000006c7d00000 space 1024K,   0% used [0x00000006c7d00000, 0x00000006c7d00000, 0x00000006c7e00000)
          F TS     0 PTAMS 0x00000006c7e00000 NTAMS 0x00000006c7e00000 space 1024K,   0% used [0x00000006c7e00000, 0x00000006c7e00000, 0x00000006c7f00000)
          F TS     0 PTAMS 0x00000006c7f00000 NTAMS 0x00000006c7f00000 space 1024K,   0% used [0x00000006c7f00000, 0x00000006c7f00000, 0x00000006c8000000)
          F TS     0 PTAMS 0x00000006c8000000 NTAMS 0x00000006c8000000 space 1024K,   0% used [0x00000006c8000000, 0x00000006c8000000, 0x00000006c8100000)
          F TS     0 PTAMS 0x00000006c8100000 NTAMS 0x00000006c8100000 space 1024K,   0% used [0x00000006c8100000, 0x00000006c8100000, 0x00000006c8200000)
          F TS     0 PTAMS 0x00000006c8200000 NTAMS 0x00000006c8200000 space 1024K,   0% used [0x00000006c8200000, 0x00000006c8200000, 0x00000006c8300000)
          F TS     0 PTAMS 0x00000006c8300000 NTAMS 0x00000006c8300000 space 1024K,   0% used [0x00000006c8300000, 0x00000006c8300000, 0x00000006c8400000)
          F TS     0 PTAMS 0x00000006c8400000 NTAMS 0x00000006c8400000 space 1024K,   0% used [0x00000006c8400000, 0x00000006c8400000, 0x00000006c8500000)
          F TS     0 PTAMS 0x00000006c8500000 NTAMS 0x00000006c8500000 space 1024K,   0% used [0x00000006c8500000, 0x00000006c8500000, 0x00000006c8600000)
          F TS     0 PTAMS 0x00000006c8600000 NTAMS 0x00000006c8600000 space 1024K,   0% used [0x00000006c8600000, 0x00000006c8600000, 0x00000006c8700000)
          F TS     0 PTAMS 0x00000006c8700000 NTAMS 0x00000006c8700000 space 1024K,   0% used [0x00000006c8700000, 0x00000006c8700000, 0x00000006c8800000)
          F TS     0 PTAMS 0x00000006c8800000 NTAMS 0x00000006c8800000 space 1024K,   0% used [0x00000006c8800000, 0x00000006c8800000, 0x00000006c8900000)
          F TS     0 PTAMS 0x00000006c8900000 NTAMS 0x00000006c8900000 space 1024K,   0% used [0x00000006c8900000, 0x00000006c8900000, 0x00000006c8a00000)
          F TS     0 PTAMS 0x00000006c8a00000 NTAMS 0x00000006c8a00000 space 1024K,   0% used [0x00000006c8a00000, 0x00000006c8a00000, 0x00000006c8b00000)
          F TS     0 PTAMS 0x00000006c8b00000 NTAMS 0x00000006c8b00000 space 1024K,   0% used [0x00000006c8b00000, 0x00000006c8b00000, 0x00000006c8c00000)
          F TS     0 PTAMS 0x00000006c8c00000 NTAMS 0x00000006c8c00000 space 1024K,   0% used [0x00000006c8c00000, 0x00000006c8c00000, 0x00000006c8d00000)
          F TS     0 PTAMS 0x00000006c8d00000 NTAMS 0x00000006c8d00000 space 1024K,   0% used [0x00000006c8d00000, 0x00000006c8d00000, 0x00000006c8e00000)
          F TS     0 PTAMS 0x00000006c8e00000 NTAMS 0x00000006c8e00000 space 1024K,   0% used [0x00000006c8e00000, 0x00000006c8e00000, 0x00000006c8f00000)
          F TS     0 PTAMS 0x00000006c8f00000 NTAMS 0x00000006c8f00000 space 1024K,   0% used [0x00000006c8f00000, 0x00000006c8f00000, 0x00000006c9000000)
          F TS     0 PTAMS 0x00000006c9000000 NTAMS 0x00000006c9000000 space 1024K,   0% used [0x00000006c9000000, 0x00000006c9000000, 0x00000006c9100000)
          F TS     0 PTAMS 0x00000006c9100000 NTAMS 0x00000006c9100000 space 1024K,   0% used [0x00000006c9100000, 0x00000006c9100000, 0x00000006c9200000)
          F TS     0 PTAMS 0x00000006c9200000 NTAMS 0x00000006c9200000 space 1024K,   0% used [0x00000006c9200000, 0x00000006c9200000, 0x00000006c9300000)
          F TS     0 PTAMS 0x00000006c9300000 NTAMS 0x00000006c9300000 space 1024K,   0% used [0x00000006c9300000, 0x00000006c9300000, 0x00000006c9400000)
          F TS     0 PTAMS 0x00000006c9400000 NTAMS 0x00000006c9400000 space 1024K,   0% used [0x00000006c9400000, 0x00000006c9400000, 0x00000006c9500000)
          F TS     0 PTAMS 0x00000006c9500000 NTAMS 0x00000006c9500000 space 1024K,   0% used [0x00000006c9500000, 0x00000006c9500000, 0x00000006c9600000)
          F TS     0 PTAMS 0x00000006c9600000 NTAMS 0x00000006c9600000 space 1024K,   0% used [0x00000006c9600000, 0x00000006c9600000, 0x00000006c9700000)
          F TS     0 PTAMS 0x00000006c9700000 NTAMS 0x00000006c9700000 space 1024K,   0% used [0x00000006c9700000, 0x00000006c9700000, 0x00000006c9800000)
          F TS     0 PTAMS 0x00000006c9800000 NTAMS 0x00000006c9800000 space 1024K,   0% used [0x00000006c9800000, 0x00000006c9800000, 0x00000006c9900000)
          F TS     0 PTAMS 0x00000006c9900000 NTAMS 0x00000006c9900000 space 1024K,   0% used [0x00000006c9900000, 0x00000006c9900000, 0x00000006c9a00000)
          F TS     0 PTAMS 0x00000006c9a00000 NTAMS 0x00000006c9a00000 space 1024K,   0% used [0x00000006c9a00000, 0x00000006c9a00000, 0x00000006c9b00000)
          F TS     0 PTAMS 0x00000006c9b00000 NTAMS 0x00000006c9b00000 space 1024K,   0% used [0x00000006c9b00000, 0x00000006c9b00000, 0x00000006c9c00000)
          F TS     0 PTAMS 0x00000006c9c00000 NTAMS 0x00000006c9c00000 space 1024K,   0% used [0x00000006c9c00000, 0x00000006c9c00000, 0x00000006c9d00000)
          F TS     0 PTAMS 0x00000006c9d00000 NTAMS 0x00000006c9d00000 space 1024K,   0% used [0x00000006c9d00000, 0x00000006c9d00000, 0x00000006c9e00000)
    CS SU   TS     0 PTAMS 0x00000006c9e00000 NTAMS 0x00000006c9e00000 space 1024K,  49% used [0x00000006c9e00000, 0x00000006c9e7fff8, 0x00000006c9f00000)
    CS SU   TS     0 PTAMS 0x00000006c9f00000 NTAMS 0x00000006c9f00000 space 1024K, 100% used [0x00000006c9f00000, 0x00000006ca000000, 0x00000006ca000000)
    CS SU   TS     0 PTAMS 0x00000006ca000000 NTAMS 0x00000006ca000000 space 1024K, 100% used [0x00000006ca000000, 0x00000006ca100000, 0x00000006ca100000)
    CS SU   TS     0 PTAMS 0x00000006ca100000 NTAMS 0x00000006ca100000 space 1024K, 100% used [0x00000006ca100000, 0x00000006ca200000, 0x00000006ca200000)
          F TS     0 PTAMS 0x00000006ca200000 NTAMS 0x00000006ca200000 space 1024K,   0% used [0x00000006ca200000, 0x00000006ca200000, 0x00000006ca300000)
          F TS     0 PTAMS 0x00000006ca300000 NTAMS 0x00000006ca300000 space 1024K,   0% used [0x00000006ca300000, 0x00000006ca300000, 0x00000006ca400000)
          F TS     0 PTAMS 0x00000006ca400000 NTAMS 0x00000006ca400000 space 1024K,   0% used [0x00000006ca400000, 0x00000006ca400000, 0x00000006ca500000)
          F TS     0 PTAMS 0x00000006ca500000 NTAMS 0x00000006ca500000 space 1024K,   0% used [0x00000006ca500000, 0x00000006ca500000, 0x00000006ca600000)
          F TS     0 PTAMS 0x00000006ca600000 NTAMS 0x00000006ca600000 space 1024K,   0% used [0x00000006ca600000, 0x00000006ca600000, 0x00000006ca700000)
          F TS     0 PTAMS 0x00000006ca700000 NTAMS 0x00000006ca700000 space 1024K,   0% used [0x00000006ca700000, 0x00000006ca700000, 0x00000006ca800000)
          F TS     0 PTAMS 0x00000006ca800000 NTAMS 0x00000006ca800000 space 1024K,   0% used [0x00000006ca800000, 0x00000006ca800000, 0x00000006ca900000)
          F TS     0 PTAMS 0x00000006ca900000 NTAMS 0x00000006ca900000 space 1024K,   0% used [0x00000006ca900000, 0x00000006ca900000, 0x00000006caa00000)
          F TS     0 PTAMS 0x00000006caa00000 NTAMS 0x00000006caa00000 space 1024K,   0% used [0x00000006caa00000, 0x00000006caa00000, 0x00000006cab00000)
          F TS     0 PTAMS 0x00000006cab00000 NTAMS 0x00000006cab00000 space 1024K,   0% used [0x00000006cab00000, 0x00000006cab00000, 0x00000006cac00000)
          F TS     0 PTAMS 0x00000006cac00000 NTAMS 0x00000006cac00000 space 1024K,   0% used [0x00000006cac00000, 0x00000006cac00000, 0x00000006cad00000)
          F TS     0 PTAMS 0x00000006cad00000 NTAMS 0x00000006cad00000 space 1024K,   0% used [0x00000006cad00000, 0x00000006cad00000, 0x00000006cae00000)
          F TS     0 PTAMS 0x00000006cae00000 NTAMS 0x00000006cae00000 space 1024K,   0% used [0x00000006cae00000, 0x00000006cae00000, 0x00000006caf00000)
          F TS     0 PTAMS 0x00000006caf00000 NTAMS 0x00000006caf00000 space 1024K,   0% used [0x00000006caf00000, 0x00000006caf00000, 0x00000006cb000000)
          F TS     0 PTAMS 0x00000006cb000000 NTAMS 0x00000006cb000000 space 1024K,   0% used [0x00000006cb000000, 0x00000006cb000000, 0x00000006cb100000)
          F TS     0 PTAMS 0x00000006cb100000 NTAMS 0x00000006cb100000 space 1024K,   0% used [0x00000006cb100000, 0x00000006cb100000, 0x00000006cb200000)
          F TS     0 PTAMS 0x00000006cb200000 NTAMS 0x00000006cb200000 space 1024K,   0% used [0x00000006cb200000, 0x00000006cb200000, 0x00000006cb300000)
          F TS     0 PTAMS 0x00000006cb300000 NTAMS 0x00000006cb300000 space 1024K,   0% used [0x00000006cb300000, 0x00000006cb300000, 0x00000006cb400000)
       Y    TS     0 PTAMS 0x00000006cb400000 NTAMS 0x00000006cb400000 space 1024K,  35% used [0x00000006cb400000, 0x00000006cb45b220, 0x00000006cb500000)
    CS Y    TS     0 PTAMS 0x00000006cb500000 NTAMS 0x00000006cb500000 space 1024K, 100% used [0x00000006cb500000, 0x00000006cb600000, 0x00000006cb600000)
    CS Y    TS     0 PTAMS 0x00000006cb600000 NTAMS 0x00000006cb600000 space 1024K, 100% used [0x00000006cb600000, 0x00000006cb700000, 0x00000006cb700000)
    CS Y    TS     0 PTAMS 0x00000006cb700000 NTAMS 0x00000006cb700000 space 1024K, 100% used [0x00000006cb700000, 0x00000006cb800000, 0x00000006cb800000)
    CS Y    TS     0 PTAMS 0x00000006cb800000 NTAMS 0x00000006cb800000 space 1024K, 100% used [0x00000006cb800000, 0x00000006cb900000, 0x00000006cb900000)
    CS Y    TS     0 PTAMS 0x00000006cb900000 NTAMS 0x00000006cb900000 space 1024K, 100% used [0x00000006cb900000, 0x00000006cba00000, 0x00000006cba00000)
    CS Y    TS     0 PTAMS 0x00000006cba00000 NTAMS 0x00000006cba00000 space 1024K, 100% used [0x00000006cba00000, 0x00000006cbb00000, 0x00000006cbb00000)
    CS Y    TS     0 PTAMS 0x00000006cbb00000 NTAMS 0x00000006cbb00000 space 1024K, 100% used [0x00000006cbb00000, 0x00000006cbc00000, 0x00000006cbc00000)
    CS Y    TS     0 PTAMS 0x00000006cbc00000 NTAMS 0x00000006cbc00000 space 1024K, 100% used [0x00000006cbc00000, 0x00000006cbd00000, 0x00000006cbd00000)
    CS Y    TS     0 PTAMS 0x00000006cbd00000 NTAMS 0x00000006cbd00000 space 1024K, 100% used [0x00000006cbd00000, 0x00000006cbe00000, 0x00000006cbe00000)
    CS Y    TS     0 PTAMS 0x00000006cbe00000 NTAMS 0x00000006cbe00000 space 1024K, 100% used [0x00000006cbe00000, 0x00000006cbf00000, 0x00000006cbf00000)
    CS Y    TS     0 PTAMS 0x00000006cbf00000 NTAMS 0x00000006cbf00000 space 1024K, 100% used [0x00000006cbf00000, 0x00000006cc000000, 0x00000006cc000000)
    CS Y    TS     0 PTAMS 0x00000006cc000000 NTAMS 0x00000006cc000000 space 1024K, 100% used [0x00000006cc000000, 0x00000006cc100000, 0x00000006cc100000)
    CS Y    TS     0 PTAMS 0x00000006cc100000 NTAMS 0x00000006cc100000 space 1024K, 100% used [0x00000006cc100000, 0x00000006cc200000, 0x00000006cc200000)
    CS Y    TS     0 PTAMS 0x00000006cc200000 NTAMS 0x00000006cc200000 space 1024K, 100% used [0x00000006cc200000, 0x00000006cc300000, 0x00000006cc300000)
    CS Y    TS     0 PTAMS 0x00000006cc300000 NTAMS 0x00000006cc300000 space 1024K, 100% used [0x00000006cc300000, 0x00000006cc400000, 0x00000006cc400000)
    CS Y    TS     0 PTAMS 0x00000006cc400000 NTAMS 0x00000006cc400000 space 1024K, 100% used [0x00000006cc400000, 0x00000006cc500000, 0x00000006cc500000)
    CS Y    TS     0 PTAMS 0x00000006cc500000 NTAMS 0x00000006cc500000 space 1024K, 100% used [0x00000006cc500000, 0x00000006cc600000, 0x00000006cc600000)
    CS Y    TS     0 PTAMS 0x00000006cc600000 NTAMS 0x00000006cc600000 space 1024K, 100% used [0x00000006cc600000, 0x00000006cc700000, 0x00000006cc700000)
    CS Y    TS     0 PTAMS 0x00000006cc700000 NTAMS 0x00000006cc700000 space 1024K, 100% used [0x00000006cc700000, 0x00000006cc800000, 0x00000006cc800000)
    CS Y    TS     0 PTAMS 0x00000006cc800000 NTAMS 0x00000006cc800000 space 1024K, 100% used [0x00000006cc800000, 0x00000006cc900000, 0x00000006cc900000)
    CS Y    TS     0 PTAMS 0x00000006cc900000 NTAMS 0x00000006cc900000 space 1024K, 100% used [0x00000006cc900000, 0x00000006cca00000, 0x00000006cca00000)
    CS Y    TS     0 PTAMS 0x00000006cca00000 NTAMS 0x00000006cca00000 space 1024K, 100% used [0x00000006cca00000, 0x00000006ccb00000, 0x00000006ccb00000)
    CS Y    TS     0 PTAMS 0x00000006ccb00000 NTAMS 0x00000006ccb00000 space 1024K, 100% used [0x00000006ccb00000, 0x00000006ccc00000, 0x00000006ccc00000)
    CS Y    TS     0 PTAMS 0x00000006ccc00000 NTAMS 0x00000006ccc00000 space 1024K, 100% used [0x00000006ccc00000, 0x00000006ccd00000, 0x00000006ccd00000)
    CS Y    TS     0 PTAMS 0x00000006ccd00000 NTAMS 0x00000006ccd00000 space 1024K, 100% used [0x00000006ccd00000, 0x00000006cce00000, 0x00000006cce00000)
    CS Y    TS     0 PTAMS 0x00000006cce00000 NTAMS 0x00000006cce00000 space 1024K, 100% used [0x00000006cce00000, 0x00000006ccf00000, 0x00000006ccf00000)
    CS Y    TS     0 PTAMS 0x00000006ccf00000 NTAMS 0x00000006ccf00000 space 1024K, 100% used [0x00000006ccf00000, 0x00000006cd000000, 0x00000006cd000000)
    CS Y    TS     0 PTAMS 0x00000006cd000000 NTAMS 0x00000006cd000000 space 1024K, 100% used [0x00000006cd000000, 0x00000006cd100000, 0x00000006cd100000)
    CS Y    TS     0 PTAMS 0x00000006cd100000 NTAMS 0x00000006cd100000 space 1024K, 100% used [0x00000006cd100000, 0x00000006cd200000, 0x00000006cd200000)
    CS Y    TS     0 PTAMS 0x00000006cd200000 NTAMS 0x00000006cd200000 space 1024K, 100% used [0x00000006cd200000, 0x00000006cd300000, 0x00000006cd300000)
    CS Y    TS     0 PTAMS 0x00000006cd300000 NTAMS 0x00000006cd300000 space 1024K, 100% used [0x00000006cd300000, 0x00000006cd400000, 0x00000006cd400000)
    CS Y    TS     0 PTAMS 0x00000006cd400000 NTAMS 0x00000006cd400000 space 1024K, 100% used [0x00000006cd400000, 0x00000006cd500000, 0x00000006cd500000)
    CS Y    TS     0 PTAMS 0x00000006cd500000 NTAMS 0x00000006cd500000 space 1024K, 100% used [0x00000006cd500000, 0x00000006cd600000, 0x00000006cd600000)
    CS Y    TS     0 PTAMS 0x00000006cd600000 NTAMS 0x00000006cd600000 space 1024K, 100% used [0x00000006cd600000, 0x00000006cd700000, 0x00000006cd700000)
    CS Y    TS     0 PTAMS 0x00000006cd700000 NTAMS 0x00000006cd700000 space 1024K, 100% used [0x00000006cd700000, 0x00000006cd800000, 0x00000006cd800000)
    CS Y    TS     0 PTAMS 0x00000006cd800000 NTAMS 0x00000006cd800000 space 1024K, 100% used [0x00000006cd800000, 0x00000006cd900000, 0x00000006cd900000)
    CS Y    TS     0 PTAMS 0x00000006cd900000 NTAMS 0x00000006cd900000 space 1024K, 100% used [0x00000006cd900000, 0x00000006cda00000, 0x00000006cda00000)
    CS Y    TS     0 PTAMS 0x00000006cda00000 NTAMS 0x00000006cda00000 space 1024K, 100% used [0x00000006cda00000, 0x00000006cdb00000, 0x00000006cdb00000)
    CS Y    TS     0 PTAMS 0x00000006cdb00000 NTAMS 0x00000006cdb00000 space 1024K, 100% used [0x00000006cdb00000, 0x00000006cdc00000, 0x00000006cdc00000)
    CS Y    TS     0 PTAMS 0x00000006cdc00000 NTAMS 0x00000006cdc00000 space 1024K, 100% used [0x00000006cdc00000, 0x00000006cdd00000, 0x00000006cdd00000)
    CS Y    TS     0 PTAMS 0x00000006cdd00000 NTAMS 0x00000006cdd00000 space 1024K, 100% used [0x00000006cdd00000, 0x00000006cde00000, 0x00000006cde00000)
    CS Y    TS     0 PTAMS 0x00000006cde00000 NTAMS 0x00000006cde00000 space 1024K, 100% used [0x00000006cde00000, 0x00000006cdf00000, 0x00000006cdf00000)
    CS Y    TS     0 PTAMS 0x00000006cdf00000 NTAMS 0x00000006cdf00000 space 1024K, 100% used [0x00000006cdf00000, 0x00000006ce000000, 0x00000006ce000000)
    CS Y    TS     0 PTAMS 0x00000006ce000000 NTAMS 0x00000006ce000000 space 1024K, 100% used [0x00000006ce000000, 0x00000006ce100000, 0x00000006ce100000)
    CS Y    TS     0 PTAMS 0x00000006ce100000 NTAMS 0x00000006ce100000 space 1024K, 100% used [0x00000006ce100000, 0x00000006ce200000, 0x00000006ce200000)
    CS Y    TS     0 PTAMS 0x00000006ce200000 NTAMS 0x00000006ce200000 space 1024K, 100% used [0x00000006ce200000, 0x00000006ce300000, 0x00000006ce300000)
    CS Y    TS     0 PTAMS 0x00000006ce300000 NTAMS 0x00000006ce300000 space 1024K, 100% used [0x00000006ce300000, 0x00000006ce400000, 0x00000006ce400000)
    CS Y    TS     0 PTAMS 0x00000006ce400000 NTAMS 0x00000006ce400000 space 1024K, 100% used [0x00000006ce400000, 0x00000006ce500000, 0x00000006ce500000)
    CS Y    TS     0 PTAMS 0x00000006ce500000 NTAMS 0x00000006ce500000 space 1024K, 100% used [0x00000006ce500000, 0x00000006ce600000, 0x00000006ce600000)
    CS Y    TS     0 PTAMS 0x00000006ce600000 NTAMS 0x00000006ce600000 space 1024K, 100% used [0x00000006ce600000, 0x00000006ce700000, 0x00000006ce700000)
    CS Y    TS     0 PTAMS 0x00000006ce700000 NTAMS 0x00000006ce700000 space 1024K, 100% used [0x00000006ce700000, 0x00000006ce800000, 0x00000006ce800000)
    CS Y    TS     0 PTAMS 0x00000006ce800000 NTAMS 0x00000006ce800000 space 1024K, 100% used [0x00000006ce800000, 0x00000006ce900000, 0x00000006ce900000)
    CS Y    TS     0 PTAMS 0x00000006ce900000 NTAMS 0x00000006ce900000 space 1024K, 100% used [0x00000006ce900000, 0x00000006cea00000, 0x00000006cea00000)
    CS Y    TS     0 PTAMS 0x00000006cea00000 NTAMS 0x00000006cea00000 space 1024K, 100% used [0x00000006cea00000, 0x00000006ceb00000, 0x00000006ceb00000)
    CS Y    TS     0 PTAMS 0x00000006ceb00000 NTAMS 0x00000006ceb00000 space 1024K, 100% used [0x00000006ceb00000, 0x00000006cec00000, 0x00000006cec00000)
    CS Y    TS     0 PTAMS 0x00000006cec00000 NTAMS 0x00000006cec00000 space 1024K, 100% used [0x00000006cec00000, 0x00000006ced00000, 0x00000006ced00000)
    CS Y    TS     0 PTAMS 0x00000006ced00000 NTAMS 0x00000006ced00000 space 1024K, 100% used [0x00000006ced00000, 0x00000006cee00000, 0x00000006cee00000)
    CS Y    TS     0 PTAMS 0x00000006cee00000 NTAMS 0x00000006cee00000 space 1024K, 100% used [0x00000006cee00000, 0x00000006cef00000, 0x00000006cef00000)
    CS Y    TS     0 PTAMS 0x00000006cef00000 NTAMS 0x00000006cef00000 space 1024K, 100% used [0x00000006cef00000, 0x00000006cf000000, 0x00000006cf000000)
    CS Y    TS     0 PTAMS 0x00000006cf000000 NTAMS 0x00000006cf000000 space 1024K, 100% used [0x00000006cf000000, 0x00000006cf100000, 0x00000006cf100000)
    CS Y    TS     0 PTAMS 0x00000006cf100000 NTAMS 0x00000006cf100000 space 1024K, 100% used [0x00000006cf100000, 0x00000006cf200000, 0x00000006cf200000)
    CS Y    TS     0 PTAMS 0x00000006cf200000 NTAMS 0x00000006cf200000 space 1024K, 100% used [0x00000006cf200000, 0x00000006cf300000, 0x00000006cf300000)
    CS Y    TS     0 PTAMS 0x00000006cf300000 NTAMS 0x00000006cf300000 space 1024K, 100% used [0x00000006cf300000, 0x00000006cf400000, 0x00000006cf400000)
    CS Y    TS     0 PTAMS 0x00000006cf400000 NTAMS 0x00000006cf400000 space 1024K, 100% used [0x00000006cf400000, 0x00000006cf500000, 0x00000006cf500000)
    CS Y    TS     0 PTAMS 0x00000006cf500000 NTAMS 0x00000006cf500000 space 1024K, 100% used [0x00000006cf500000, 0x00000006cf600000, 0x00000006cf600000)
    CS Y    TS     0 PTAMS 0x00000006cf600000 NTAMS 0x00000006cf600000 space 1024K, 100% used [0x00000006cf600000, 0x00000006cf700000, 0x00000006cf700000)
    CS Y    TS     0 PTAMS 0x00000006cf700000 NTAMS 0x00000006cf700000 space 1024K, 100% used [0x00000006cf700000, 0x00000006cf800000, 0x00000006cf800000)
    CS Y    TS     0 PTAMS 0x00000006cf800000 NTAMS 0x00000006cf800000 space 1024K, 100% used [0x00000006cf800000, 0x00000006cf900000, 0x00000006cf900000)
    CS Y    TS     0 PTAMS 0x00000006cf900000 NTAMS 0x00000006cf900000 space 1024K, 100% used [0x00000006cf900000, 0x00000006cfa00000, 0x00000006cfa00000)
    CS Y    TS     0 PTAMS 0x00000006cfa00000 NTAMS 0x00000006cfa00000 space 1024K, 100% used [0x00000006cfa00000, 0x00000006cfb00000, 0x00000006cfb00000)
    CS Y    TS     0 PTAMS 0x00000006cfb00000 NTAMS 0x00000006cfb00000 space 1024K, 100% used [0x00000006cfb00000, 0x00000006cfc00000, 0x00000006cfc00000)
    CS Y    TS     0 PTAMS 0x00000006cfc00000 NTAMS 0x00000006cfc00000 space 1024K, 100% used [0x00000006cfc00000, 0x00000006cfd00000, 0x00000006cfd00000)
    CS Y    TS     0 PTAMS 0x00000006cfd00000 NTAMS 0x00000006cfd00000 space 1024K, 100% used [0x00000006cfd00000, 0x00000006cfe00000, 0x00000006cfe00000)
    CS Y    TS     0 PTAMS 0x00000006cfe00000 NTAMS 0x00000006cfe00000 space 1024K, 100% used [0x00000006cfe00000, 0x00000006cff00000, 0x00000006cff00000)
    CS Y    TS     0 PTAMS 0x00000006cff00000 NTAMS 0x00000006cff00000 space 1024K, 100% used [0x00000006cff00000, 0x00000006d0000000, 0x00000006d0000000)
GC Heap History (10 events):
Event: 11,616 GC heap before
{Heap before GC invocations=9 (full 2):
 garbage-first heap   total 262144K, used 211569K [0x00000006c0000000, 0x00000006d0000000, 0x00000007c0000000)
  region size 1024K, 143 young (146432K), 15 survivors (15360K)
 Metaspace       used 51197K, capacity 55562K, committed 55680K, reserved 1097728K
  class space    used 6473K, capacity 7806K, committed 7808K, reserved 1048576K
Event: 11,644 GC heap after
Heap after GC invocations=10 (full 2):
 garbage-first heap   total 262144K, used 84882K [0x00000006c0000000, 0x00000006d0000000, 0x00000007c0000000)
  region size 1024K, 10 young (10240K), 10 survivors (10240K)
 Metaspace       used 51197K, capacity 55562K, committed 55680K, reserved 1097728K
  class space    used 6473K, capacity 7806K, committed 7808K, reserved 1048576K
}
Event: 12,366 GC heap before
{Heap before GC invocations=10 (full 2):
 garbage-first heap   total 262144K, used 222069K [0x00000006c0000000, 0x00000006d0000000, 0x00000007c0000000)
  region size 1024K, 135 young (138240K), 10 survivors (10240K)
 Metaspace       used 51669K, capacity 55984K, committed 56320K, reserved 1097728K
  class space    used 6508K, capacity 7839K, committed 7936K, reserved 1048576K
Event: 12,381 GC heap after
Heap after GC invocations=11 (full 2):
 garbage-first heap   total 262144K, used 96117K [0x00000006c0000000, 0x00000006d0000000, 0x00000007c0000000)
  region size 1024K, 12 young (12288K), 12 survivors (12288K)
 Metaspace       used 51669K, capacity 55984K, committed 56320K, reserved 1097728K
  class space    used 6508K, capacity 7839K, committed 7936K, reserved 1048576K
}
Event: 14,355 GC heap before
{Heap before GC invocations=11 (full 2):
 garbage-first heap   total 262144K, used 126282K [0x00000006c0000000, 0x00000006d0000000, 0x00000007c0000000)
  region size 1024K, 29 young (29696K), 12 survivors (12288K)
 Metaspace       used 52299K, capacity 56626K, committed 56960K, reserved 1097728K
  class space    used 6591K, capacity 7944K, committed 8064K, reserved 1048576K
Event: 14,401 GC heap after
Heap after GC invocations=12 (full 2):
 garbage-first heap   total 262144K, used 112829K [0x00000006c0000000, 0x00000006d0000000, 0x00000007c0000000)
  region size 1024K, 8 young (8192K), 8 survivors (8192K)
 Metaspace       used 52299K, capacity 56626K, committed 56960K, reserved 1097728K
  class space    used 6591K, capacity 7944K, committed 8064K, reserved 1048576K
}
Event: 33,124 GC heap before
{Heap before GC invocations=13 (full 2):
 garbage-first heap   total 262144K, used 162151K [0x00000006c0000000, 0x00000006d0000000, 0x00000007c0000000)
  region size 1024K, 84 young (86016K), 8 survivors (8192K)
 Metaspace       used 54602K, capacity 59020K, committed 59096K, reserved 1099776K
  class space    used 6924K, capacity 8288K, committed 8320K, reserved 1048576K
Event: 33,324 GC heap after
Heap after GC invocations=14 (full 3):
 garbage-first heap   total 262144K, used 57239K [0x00000006c0000000, 0x00000006d0000000, 0x00000007c0000000)
  region size 1024K, 0 young (0K), 0 survivors (0K)
 Metaspace       used 54602K, capacity 59020K, committed 59096K, reserved 1099776K
  class space    used 6924K, capacity 8288K, committed 8320K, reserved 1048576K
}
Event: 43,309 GC heap before
{Heap before GC invocations=14 (full 3):
 garbage-first heap   total 262144K, used 133273K [0x00000006c0000000, 0x00000006d0000000, 0x00000007c0000000)
  region size 1024K, 36 young (36864K), 0 survivors (0K)
 Metaspace       used 54966K, capacity 59474K, committed 59520K, reserved 1099776K
  class space    used 6959K, capacity 8289K, committed 8320K, reserved 1048576K
Event: 43,319 GC heap after
Heap after GC invocations=15 (full 3):
 garbage-first heap   total 262144K, used 101017K [0x00000006c0000000, 0x00000006d0000000, 0x00000007c0000000)
  region size 1024K, 4 young (4096K), 4 survivors (4096K)
 Metaspace       used 54966K, capacity 59474K, committed 59520K, reserved 1099776K
  class space    used 6959K, capacity 8289K, committed 8320K, reserved 1048576K
}

